<?xml version="1.0" encoding="UTF-8"?>
<testsuite xmlns:xsi="http://www.w3.org/2001/XMLSchema-instance" xsi:noNamespaceSchemaLocation="https://maven.apache.org/surefire/maven-surefire-plugin/xsd/surefire-test-report.xsd" version="3.0.2" name="com.exchange.testing.integration.PersistenceIsolationTest" time="11.017" tests="2" errors="0" skipped="0" failures="0">
  <properties>
[...]
</properties>
  <testcase name="laggingPersistenceRemainsIsolated" classname="com.exchange.testing.integration.PersistenceIsolationTest" time="1.319"/>
  <testcase name="flushesPersistenceBatchesIntoPostgres" classname="com.exchange.testing.integration.PersistenceIsolationTest" time="9.667">
    <system-err><![CDATA[SLF4J: Failed to load class "org.slf4j.impl.StaticLoggerBinder".
SLF4J: Defaulting to no-operation (NOP) logger implementation
SLF4J: See http://www.slf4j.org/codes.html#StaticLoggerBinder for further details.
]]></system-err>
  </testcase>
</testsuite>